<?xml version="1.0" encoding="UTF-8"?>
<!-- Generated by org.testng.reporters.JUnitXMLReporter -->
<testsuite hostname="m-c02v61rzhtdg" ignored="0" name="Default test" tests="4" failures="0" timestamp="25 Feb 2018 08:08:11 GMT" time="0.03" errors="0">
  <testcase name="testMergeCounter" time="0.005" classname="com.cox.test.MergeCounterTest2"/>
  <testcase name="testMergeCounterWhenFirstArrayIsEmpty" time="0.001" classname="com.cox.test.MergeCounterTest2"/>
  <testcase name="testMergeCounterWhenSecondArrayIsEmpty" time="0.001" classname="com.cox.test.MergeCounterTest2"/>
  <testcase name="testMergeCounterWithBoundaryAnalysis" time="0.001" classname="com.cox.test.MergeCounterTest2"/>
</testsuite> <!-- Default test -->
