<?xml version="1.0" encoding="UTF-8"?>
<!-- Generated by org.testng.reporters.JUnitXMLReporter -->
<testsuite hostname="m-c02v61rzhtdg" ignored="1" name="dependencyTest" tests="1" failures="0" timestamp="19 Nov 2017 01:11:44 GMT" time="0.024" errors="0">
  <testcase name="test33" time="0.008" classname="com.rest.testng.examples.TestMethods"/>
  <testcase name="test44" time="0.0" classname="com.rest.testng.examples.TestMethods">
    <ignored/>
  </testcase> <!-- test44 -->
</testsuite> <!-- dependencyTest -->
