<?xml version="1.0" encoding="UTF-8"?>
<testng-results skipped="0" failed="0" ignored="0" total="4" passed="4">
  <reporter-output>
  </reporter-output>
  <suite name="Feature1" duration-ms="59" started-at="2018-02-25T08:41:46Z" finished-at="2018-02-25T08:41:46Z">
    <groups>
    </groups>
    <test name="Merge Counter Test" duration-ms="59" started-at="2018-02-25T08:41:46Z" finished-at="2018-02-25T08:41:46Z">
      <class name="com.cox.test.MergeCounterTest2">
        <test-method status="PASS" signature="testData()[pri:0, instance:com.cox.test.MergeCounterTest2@271053e1]" name="testData" is-config="true" duration-ms="12" started-at="2018-02-25T00:41:46Z" finished-at="2018-02-25T00:41:46Z">
          <reporter-output>
          </reporter-output>
        </test-method> <!-- testData -->
        <test-method status="PASS" signature="testMergeCounter()[pri:0, instance:com.cox.test.MergeCounterTest2@271053e1]" name="testMergeCounter" duration-ms="10" started-at="2018-02-25T00:41:46Z" finished-at="2018-02-25T00:41:46Z">
          <reporter-output>
          </reporter-output>
        </test-method> <!-- testMergeCounter -->
        <test-method status="PASS" signature="testMergeCounterWhenFirstArrayIsEmpty()[pri:0, instance:com.cox.test.MergeCounterTest2@271053e1]" name="testMergeCounterWhenFirstArrayIsEmpty" duration-ms="7" started-at="2018-02-25T00:41:46Z" finished-at="2018-02-25T00:41:46Z">
          <reporter-output>
          </reporter-output>
        </test-method> <!-- testMergeCounterWhenFirstArrayIsEmpty -->
        <test-method status="PASS" signature="testMergeCounterWithBoundaryAnalysis()[pri:0, instance:com.cox.test.MergeCounterTest2@271053e1]" name="testMergeCounterWithBoundaryAnalysis" duration-ms="5" started-at="2018-02-25T00:41:46Z" finished-at="2018-02-25T00:41:46Z">
          <reporter-output>
          </reporter-output>
        </test-method> <!-- testMergeCounterWithBoundaryAnalysis -->
        <test-method status="PASS" signature="testMergeCounterWhenSecondArrayIsEmpty()[pri:0, instance:com.cox.test.MergeCounterTest2@271053e1]" name="testMergeCounterWhenSecondArrayIsEmpty" duration-ms="7" started-at="2018-02-25T00:41:46Z" finished-at="2018-02-25T00:41:46Z">
          <reporter-output>
          </reporter-output>
        </test-method> <!-- testMergeCounterWhenSecondArrayIsEmpty -->
      </class> <!-- com.cox.test.MergeCounterTest2 -->
    </test> <!-- Merge Counter Test -->
  </suite> <!-- Feature1 -->
</testng-results>
